<?xml version="1.0" encoding="UTF-8"?>
<!-- Generated by org.testng.reporters.JUnitXMLReporter -->
<testsuite ignored="0" hostname="LP-5CD201KBY5" failures="0" tests="7" name="Default test" time="153.547" errors="0" timestamp="2023-01-19T18:32:55 IST">
  <testcase classname="mainTest.TestClass" name="LoginTest" time="1.892"/>
  <testcase classname="mainTest.TestClass" name="LoginTest" time="1.768"/>
  <testcase classname="mainTest.TestClass" name="AppointmentDta" time="20.121"/>
  <testcase classname="mainTest.TestClass" name="AppointmentDta" time="3.882"/>
  <testcase classname="mainTest.TestClass" name="AppointmentDta" time="20.473"/>
  <testcase classname="mainTest.TestClass" name="AppointmentDta" time="19.735"/>
  <testcase classname="mainTest.TestClass" name="AppointmentDta" time="5.872"/>
</testsuite> <!-- Default test -->
